C51 COMPILER V9.54   DATA                                                                  03/13/2020 08:50:40 PAGE 1   


C51 COMPILER V9.54, COMPILATION OF MODULE DATA
OBJECT MODULE PLACED IN .\Objects\Data.obj
COMPILER INVOKED BY: C:\Keil_v5\C51\BIN\C51.EXE Data.c OPTIMIZE(8,SPEED) BROWSE DEBUG OBJECTEXTEND PRINT(.\Listings\Data
                    -.lst) TABS(2) OBJECT(.\Objects\Data.obj)

line level    source

   1          #include <EEPROM.h>
*** WARNING C323 IN LINE 1 OF EEPROM.h: newline expected, extra characters found
   2          #include <Delay.h>
   3          
   4          unsigned int dataReader()
   5          {
   6   1        char front = rom_read(0x00);
   7   1        char end = rom_read(0x01);
   8   1        unsigned int temp = front + end * 128;
   9   1        return temp;
  10   1      }
  11          
  12          void dataWrite(unsigned int temp)
  13          {
  14   1      //  if (temp <= 255)
  15   1      //  {
  16   1      //    rom_write(0x00, 0x00);
  17   1      //    rom_write(0x01, temp);
  18   1      //  }
  19   1      //  else
  20   1      //  {
  21   1      //    //16进制的前两位
  22   1      //    unsigned int front = temp / 256;
  23   1      //    unsigned int end = temp % 256;
  24   1      //    rom_write(0x00, front);
  25   1      //    rom_write(0x01, end);
  26   1      //  }
  27   1        char front = temp%128;
  28   1        char end = temp/128;
  29   1        rom_write(0x00, front);
  30   1        rom_write(0x01, end);
  31   1        
  32   1      }


MODULE INFORMATION:   STATIC OVERLAYABLE
   CODE SIZE        =     80    ----
   CONSTANT SIZE    =   ----    ----
   XDATA SIZE       =   ----    ----
   PDATA SIZE       =   ----    ----
   DATA SIZE        =   ----       2
   IDATA SIZE       =   ----    ----
   BIT SIZE         =   ----    ----
END OF MODULE INFORMATION.


C51 COMPILATION COMPLETE.  1 WARNING(S),  0 ERROR(S)
