C51 COMPILER V9.54   EEPROM                                                                11/01/2019 17:14:20 PAGE 1   


C51 COMPILER V9.54, COMPILATION OF MODULE EEPROM
OBJECT MODULE PLACED IN .\Objects\EEPROM.obj
COMPILER INVOKED BY: C:\Keil_v5\C51\BIN\C51.EXE EEPROM.c OPTIMIZE(8,SPEED) BROWSE DEBUG OBJECTEXTEND PRINT(.\Listings\EE
                    -PROM.lst) TABS(2) OBJECT(.\Objects\EEPROM.obj)

line level    source

   1          #include <REGX52.H>
   2          #include <INTRINS.H>//为了引入_nop_方法
   3          
   4          //SCK P2_5 ;
   5          //SDA P2_6 ;
   6          
   7          void EEPROMInit(){//初始化程序
   8   1        P2_5 = 1 ;
   9   1        _nop_();
  10   1        P2_6 = 1 ;
  11   1        _nop_();
  12   1      }
  13          
  14          void EEPROMStart(){//启动信号
  15   1        P2_6 = 1 ;
  16   1        _nop_();
  17   1        P2_5 = 1 ;
  18   1        _nop_();
  19   1        P2_6 = 0 ;
  20   1        _nop_();
  21   1      }
  22          
  23          void EEPROMStop(){//停止信号
  24   1        P2_6 = 0 ;
  25   1        _nop_();
  26   1        P2_5 = 1 ;
  27   1        _nop_();
  28   1        P2_6 = 1 ;
  29   1        _nop_();
  30   1      }
  31          
  32          void EEPROMRespons(){//回应信号
  33   1        unsigned char i = 0 ;
  34   1        P2_5 = 1 ;
  35   1        _nop_() ;
  36   1        while((P2_6 == 1) && (i < 255 )){
  37   2          i ++ ;//防止卡死
  38   2        }
  39   1        P2_5 = 0 ;
  40   1        _nop_() ;
  41   1      }


MODULE INFORMATION:   STATIC OVERLAYABLE
   CODE SIZE        =     48    ----
   CONSTANT SIZE    =   ----    ----
   XDATA SIZE       =   ----    ----
   PDATA SIZE       =   ----    ----
   DATA SIZE        =   ----    ----
   IDATA SIZE       =   ----    ----
   BIT SIZE         =   ----    ----
END OF MODULE INFORMATION.


C51 COMPILATION COMPLETE.  0 WARNING(S),  0 ERROR(S)
