C51 COMPILER V9.54   KEY                                                                   11/01/2019 17:14:20 PAGE 1   


C51 COMPILER V9.54, COMPILATION OF MODULE KEY
OBJECT MODULE PLACED IN .\Objects\Key.obj
COMPILER INVOKED BY: C:\Keil_v5\C51\BIN\C51.EXE Key.c OPTIMIZE(8,SPEED) BROWSE DEBUG OBJECTEXTEND PRINT(.\Listings\Key.l
                    -st) TABS(2) OBJECT(.\Objects\Key.obj)

line level    source

   1          #include <REGX52.H>
   2          #include <Delay.h>
   3          
   4          //KeyNum1，加1按钮生效
   5          //KeyNum2，减1按钮生效
   6          //KeyNum3，清0按钮生效
   7          unsigned char KeyNum = 0 ;
   8          unsigned char PressKey(){
   9   1        if(P2_1 == 0){
  10   2          Delay(20) ;
  11   2          while(P2_1 == 0) ;
  12   2          Delay(20) ;
  13   2          KeyNum = 1 ;
  14   2        }
  15   1        if(P2_2 == 0){
  16   2          Delay(20) ;
  17   2          while(P2_2 == 0) ;
  18   2          Delay(20) ;
  19   2          KeyNum = 2 ;
  20   2        }
  21   1        if(P2_3 == 0){
  22   2          Delay(20) ;
  23   2          while(P2_3 == 0) ;
  24   2          Delay(20) ;
  25   2          KeyNum = 3 ;
  26   2        }
  27   1        return KeyNum ;
  28   1      }


MODULE INFORMATION:   STATIC OVERLAYABLE
   CODE SIZE        =     72    ----
   CONSTANT SIZE    =   ----    ----
   XDATA SIZE       =   ----    ----
   PDATA SIZE       =   ----    ----
   DATA SIZE        =      1    ----
   IDATA SIZE       =   ----    ----
   BIT SIZE         =   ----    ----
END OF MODULE INFORMATION.


C51 COMPILATION COMPLETE.  0 WARNING(S),  0 ERROR(S)
