C51 COMPILER V9.54   PRODUCT                                                               03/13/2020 08:50:40 PAGE 1   


C51 COMPILER V9.54, COMPILATION OF MODULE PRODUCT
OBJECT MODULE PLACED IN .\Objects\Product.obj
COMPILER INVOKED BY: C:\Keil_v5\C51\BIN\C51.EXE Product.c OPTIMIZE(8,SPEED) BROWSE DEBUG OBJECTEXTEND PRINT(.\Listings\P
                    -roduct.lst) TABS(2) OBJECT(.\Objects\Product.obj)

line level    source

   1          #include <REGX52.H>
   2          #include <Delay.h>
   3          #include <Display.h>
   4          
   5          unsigned char MODE = 0;
   6          unsigned int delayCount = 0;
   7          unsigned int isProduct = 0; //1是正常计数，5是物品卡住
   8          void Product()
   9          {
  10   1        switch (MODE)
  11   1        {
  12   2        case 0:
  13   2        {
  14   3          if (P2_0 == 0)
  15   3          {
  16   4            MODE = 1;
  17   4          }
  18   3        }
  19   2        break;
  20   2      
  21   2        case 1:
  22   2        {
  23   3          delayCount++;
  24   3          if (delayCount > 50)
  25   3          {
  26   4            delayCount = 0;
  27   4            if (P2_0 == 1)
  28   4            {
  29   5              MODE = 0;
  30   5            }
  31   4            else
  32   4            {
  33   5              MODE = 2;
  34   5            }
  35   4          }
  36   3        }
  37   2        break;
  38   2      
  39   2        case 2:
  40   2        {
  41   3          delayCount++;
  42   3          Delay(500); //停留多少秒
  43   3          if (P2_0 == 1)
  44   3          {
  45   4            isProduct = 1;
  46   4            MODE = 0;
  47   4          }
  48   3          else
  49   3          {
  50   4            MODE = 3;
  51   4          }
  52   3        }
  53   2        break;
  54   2        case 3:
C51 COMPILER V9.54   PRODUCT                                                               03/13/2020 08:50:40 PAGE 2   

  55   2        {
  56   3          delayCount++;
  57   3          if (delayCount > 5000)
  58   3          {
  59   4            delayCount = 0;
  60   4            if (P2_0 == 0)
  61   4            {
  62   5              isProduct = 5; //xiang
  63   5            }
  64   4          }
  65   3        }
  66   2        break;
  67   2        }
  68   1      }


MODULE INFORMATION:   STATIC OVERLAYABLE
   CODE SIZE        =    117    ----
   CONSTANT SIZE    =   ----    ----
   XDATA SIZE       =   ----    ----
   PDATA SIZE       =   ----    ----
   DATA SIZE        =      5    ----
   IDATA SIZE       =   ----    ----
   BIT SIZE         =   ----    ----
END OF MODULE INFORMATION.


C51 COMPILATION COMPLETE.  0 WARNING(S),  0 ERROR(S)
