C51 COMPILER V9.54   TIMER                                                                 03/13/2020 08:50:40 PAGE 1   


C51 COMPILER V9.54, COMPILATION OF MODULE TIMER
OBJECT MODULE PLACED IN .\Objects\Timer.obj
COMPILER INVOKED BY: C:\Keil_v5\C51\BIN\C51.EXE Timer.c OPTIMIZE(8,SPEED) BROWSE DEBUG OBJECTEXTEND PRINT(.\Listings\Tim
                    -er.lst) TABS(2) OBJECT(.\Objects\Timer.obj)

line level    source

   1          #include <REGX52.H>
   2          
   3          //设置1ms的定时器Timer0
   4          void Timer0(void)
   5          {
   6   1        TMOD &= 0xF0;
   7   1        TMOD |= 0x01;
   8   1        TL0 = 0x18;
   9   1        TH0 = 0xFC;
  10   1        TF0 = 0;
  11   1        TR0 = 1;
  12   1        ET0 = 1;
  13   1        EA = 1;
  14   1        PT0 = 0;
  15   1      }
  16          //定时器0使用模板
  17          //void Timer0_run() interrupt 1{
  18          //  static unsigned int T0Count = 0;
  19          //  TL0 = 0x18;
  20          //  TH0 = 0xFC;
  21          //  T0Count ++ ;
  22          //  if(T0Count >= 1000){
  23          //    T0Count = 0;
  24          //    //toDo
  25          //  }
  26          //}
  27          
  28          //设置1ms的定时器Timer1
  29          void Timer1(void)
  30          {
  31   1        TMOD &= 0x0F;
  32   1        TMOD |= 0x10;
  33   1        TL0 = 0x18;
  34   1        TH0 = 0xFC;
  35   1        TF1 = 0;
  36   1        TR1 = 1;
  37   1        ET1 = 1;
  38   1        EA = 1;
  39   1        PT1 = 0;
  40   1      }
  41          
  42          //定时器1使用模板
  43          //void Timer1_run() interrupt 3{
  44          //  static unsigned int T0Count = 0;
  45          //  TL0 = 0x18;
  46          //  TH0 = 0xFC;
  47          //  T0Count ++ ;
  48          //  if(T0Count >= 1000){
  49          //    T0Count = 0;
  50          //    //toDo
  51          //  }
  52          //}


C51 COMPILER V9.54   TIMER                                                                 03/13/2020 08:50:40 PAGE 2   

MODULE INFORMATION:   STATIC OVERLAYABLE
   CODE SIZE        =     46    ----
   CONSTANT SIZE    =   ----    ----
   XDATA SIZE       =   ----    ----
   PDATA SIZE       =   ----    ----
   DATA SIZE        =   ----    ----
   IDATA SIZE       =   ----    ----
   BIT SIZE         =   ----    ----
END OF MODULE INFORMATION.


C51 COMPILATION COMPLETE.  0 WARNING(S),  0 ERROR(S)
