C51 COMPILER V9.54   UART                                                                  03/02/2020 22:49:59 PAGE 1   


C51 COMPILER V9.54, COMPILATION OF MODULE UART
OBJECT MODULE PLACED IN .\Objects\Uart.obj
COMPILER INVOKED BY: C:\Keil_v5\C51\BIN\C51.EXE Uart.c OPTIMIZE(8,SPEED) BROWSE DEBUG OBJECTEXTEND PRINT(.\Listings\Uart
                    -.lst) TABS(2) OBJECT(.\Objects\Uart.obj)

line level    source

   1          #include "reg52.h"
   2          #include "stdio.h"
   3          
   4          
   5          
   6          uchar str[] = "yes,you are good!";
*** ERROR C129 IN LINE 6 OF Uart.c: missing ';' before 'str'
   7          
   8          void uart_cfg(){
   9           
  10                 SCON = 0X50;//MODE 1
  11                TMOD&= 0X0F;//清除T1的控制位
  12                TMOD|= 0X20;//T1的工作模式2
  13                PCON|= 0X80;//倍频
  14          
  15                TH1 = 0xf3; //4800
  16                TL1 = TH1;
  17          
  18                ET1 = 0;//禁止T1中断 
  19          //      EA = 1; 
  20                TR1 = 1;      
  21          //      ES = 1;//使能串口中断 ,无论是TI/RI出现，只要中断打开，单片机就进入中断
             -数。
  22           }
  23          
  24          
  25           
  26          /*发送一个 字符*/
  27          void send_byte(uchar by){
  28          
  29              SBUF = by;
  30              while(!TI);//当写下这句的时候，就不要在中断函数里面在写TI = 0;这句了，不然
             -入中断函数将TI清零之后，程序就会一直卡在这里
  31              TI = 0;       //在这里将TI清零
  32          }
  33          /*发送一个字符串*/
  34          void send_string(uchar *p){
  35          
  36              while(*p!= '\0'){
  37              
  38                  send_byte(*p);
  39                  p++;
  40          
  41              }
  42          }

C51 COMPILATION COMPLETE.  0 WARNING(S),  1 ERROR(S)
